#-----------------------------------------------------------
# Webtalk v2019.1 (64-bit)
# SW Build 2543077 on Mon May 13 18:20:51 MDT 2019
# 
# Start of session at: Mon Sep  9 19:35:49 2019
# Process ID: 31828
# Current directory: C:/Work/Mikroe/Alcohol2/SDK2/webtalk
# Command line: wbtcv.exe -mode batch -source sdk_webtalk.tcl
# Log file: C:/Work/Mikroe/Alcohol2/SDK2/webtalk/webtalk.log
# Journal file: C:/Work/Mikroe/Alcohol2/SDK2/webtalk\webtalk.jou
#-----------------------------------------------------------
INFO: [Common 17-1472] The existence of %HOMEDRIVE%/.Xilinx (e.g. C:/.Xilinx) has been detected.  Due to known issues with the McAffee File and Removable Media Protection (FRP) product, the existance of C:/.Xilinx may cause problems with the Vivado GUI.  If you encounter problems, you can contact IT for assistance with a workaround.  Alternatively, you can move/rename %HOMEDRIVE%:/.Xilinx to a different name such as %APPDATA%/XilinxLicense.
source sdk_webtalk.tcl
# webtalk_init -webtalk_dir C:\\Work\\Mikroe\\Alcohol2\\SDK2\\webtalk
# webtalk_register_client -client project
# webtalk_add_data -client project -key date_generated -value "2019-09-09 19:35:46" -context "software_version_and_target_device"
# webtalk_add_data -client project -key product_version -value "SDK v2019.1" -context "software_version_and_target_device"
# webtalk_add_data -client project -key build_version -value "2019.1" -context "software_version_and_target_device"
# webtalk_add_data -client project -key os_platform -value "amd64" -context "software_version_and_target_device"
# webtalk_add_data -client project -key registration_id -value "210830250_134688_210701533_626" -context "software_version_and_target_device"
# webtalk_add_data -client project -key tool_flow -value "SDK" -context "software_version_and_target_device"
# webtalk_add_data -client project -key beta -value "false" -context "software_version_and_target_device"
# webtalk_add_data -client project -key route_design -value "NA" -context "software_version_and_target_device"
# webtalk_add_data -client project -key target_family -value "NA" -context "software_version_and_target_device"
# webtalk_add_data -client project -key target_device -value "NA" -context "software_version_and_target_device"
# webtalk_add_data -client project -key target_package -value "NA" -context "software_version_and_target_device"
# webtalk_add_data -client project -key target_speed -value "NA" -context "software_version_and_target_device"
# webtalk_add_data -client project -key random_id -value "rh1tqtid9u2tv40lfagqr5rtlp" -context "software_version_and_target_device"
# webtalk_add_data -client project -key project_id -value "2019.1_4" -context "software_version_and_target_device"
# webtalk_add_data -client project -key project_iteration -value "4" -context "software_version_and_target_device"
# webtalk_add_data -client project -key os_name -value "Microsoft Windows 8 or later , 64-bit" -context "user_environment"
# webtalk_add_data -client project -key os_release -value "major release  (build 9200)" -context "user_environment"
# webtalk_add_data -client project -key cpu_name -value "Intel(R) Core(TM) i7-6820HQ CPU @ 2.70GHz" -context "user_environment"
# webtalk_add_data -client project -key cpu_speed -value "2712 MHz" -context "user_environment"
# webtalk_add_data -client project -key total_processors -value "1" -context "user_environment"
# webtalk_add_data -client project -key system_ram -value "17.066 GB" -context "user_environment"
# webtalk_register_client -client sdk
# webtalk_add_data -client sdk -key uid -value "1568063109629" -context "sdk\\\\hardware/1568063109629"
# webtalk_add_data -client sdk -key isZynq -value "false" -context "sdk\\\\hardware/1568063109629"
# webtalk_add_data -client sdk -key isZynqMP -value "false" -context "sdk\\\\hardware/1568063109629"
# webtalk_add_data -client sdk -key Processors -value "1" -context "sdk\\\\hardware/1568063109629"
# webtalk_add_data -client sdk -key VivadoVersion -value "2019.1_EA2543077" -context "sdk\\\\hardware/1568063109629"
# webtalk_add_data -client sdk -key Arch -value "spartan7" -context "sdk\\\\hardware/1568063109629"
# webtalk_add_data -client sdk -key Device -value "7s50" -context "sdk\\\\hardware/1568063109629"
# webtalk_add_data -client sdk -key IsHandoff -value "true" -context "sdk\\\\hardware/1568063109629"
# webtalk_add_data -client sdk -key os -value "NA" -context "sdk\\\\hardware/1568063109629"
# webtalk_add_data -client sdk -key apptemplate -value "NA" -context "sdk\\\\hardware/1568063109629"
# webtalk_add_data -client sdk -key RecordType -value "HWCreation" -context "sdk\\\\hardware/1568063109629"
# webtalk_add_data -client sdk -key uid -value "1568063147546" -context "sdk\\\\bsp/1568063147546"
# webtalk_add_data -client sdk -key hwid -value "1568063109629" -context "sdk\\\\bsp/1568063147546"
# webtalk_add_data -client sdk -key os -value "standalone" -context "sdk\\\\bsp/1568063147546"
# webtalk_add_data -client sdk -key apptemplate -value "null" -context "sdk\\\\bsp/1568063147546"
# webtalk_add_data -client sdk -key RecordType -value "BSPCreation" -context "sdk\\\\bsp/1568063147546"
# webtalk_add_data -client sdk -key uid -value "1568063302893" -context "sdk\\\\application/1568063302893"
# webtalk_add_data -client sdk -key hwid -value "1568063109629" -context "sdk\\\\application/1568063302893"
# webtalk_add_data -client sdk -key bspid -value "1568063147546" -context "sdk\\\\application/1568063302893"
# webtalk_add_data -client sdk -key newbsp -value "false" -context "sdk\\\\application/1568063302893"
# webtalk_add_data -client sdk -key os -value "standalone" -context "sdk\\\\application/1568063302893"
# webtalk_add_data -client sdk -key apptemplate -value "hello_world" -context "sdk\\\\application/1568063302893"
# webtalk_add_data -client sdk -key RecordType -value "APPCreation" -context "sdk\\\\application/1568063302893"
# webtalk_add_data -client sdk -key LangUsed -value "C" -context "sdk\\\\application/1568063302893"
# webtalk_add_data -client sdk -key Procused -value "microblaze" -context "sdk\\\\application/1568063302893"
# webtalk_add_data -client sdk -key projSize -value "101.73828125" -context "sdk\\\\application/1568063302893"
# webtalk_add_data -client sdk -key uid -value "1568063435391" -context "sdk\\\\application/1568063435391"
# webtalk_add_data -client sdk -key hwid -value "1568063109629" -context "sdk\\\\application/1568063435391"
# webtalk_add_data -client sdk -key bspid -value "1568063147546" -context "sdk\\\\application/1568063435391"
# webtalk_add_data -client sdk -key newbsp -value "false" -context "sdk\\\\application/1568063435391"
# webtalk_add_data -client sdk -key os -value "standalone" -context "sdk\\\\application/1568063435391"
# webtalk_add_data -client sdk -key apptemplate -value "empty_application" -context "sdk\\\\application/1568063435391"
# webtalk_add_data -client sdk -key RecordType -value "APPCreation" -context "sdk\\\\application/1568063435391"
# webtalk_add_data -client sdk -key LangUsed -value "C" -context "sdk\\\\application/1568063435391"
# webtalk_add_data -client sdk -key Procused -value "microblaze" -context "sdk\\\\application/1568063435391"
# webtalk_add_data -client sdk -key uid -value "1568063811988" -context "sdk\\\\application/1568063811988"
# webtalk_add_data -client sdk -key hwid -value "1568063109629" -context "sdk\\\\application/1568063811988"
# webtalk_add_data -client sdk -key bspid -value "1568063147546" -context "sdk\\\\application/1568063811988"
# webtalk_add_data -client sdk -key newbsp -value "false" -context "sdk\\\\application/1568063811988"
# webtalk_add_data -client sdk -key os -value "standalone" -context "sdk\\\\application/1568063811988"
# webtalk_add_data -client sdk -key apptemplate -value "hello_world" -context "sdk\\\\application/1568063811988"
# webtalk_add_data -client sdk -key RecordType -value "APPCreation" -context "sdk\\\\application/1568063811988"
# webtalk_add_data -client sdk -key LangUsed -value "C" -context "sdk\\\\application/1568063811988"
# webtalk_add_data -client sdk -key Procused -value "microblaze" -context "sdk\\\\application/1568063811988"
# webtalk_add_data -client sdk -key projSize -value "124.06640625" -context "sdk\\\\application/1568063811988"
# webtalk_add_data -client sdk -key uid -value "NA" -context "sdk\\\\bsp/1568079346878"
# webtalk_add_data -client sdk -key RecordType -value "ToolUsage" -context "sdk\\\\bsp/1568079346878"
# webtalk_add_data -client sdk -key BootgenCount -value "0" -context "sdk\\\\bsp/1568079346878"
# webtalk_add_data -client sdk -key DebugCount -value "29" -context "sdk\\\\bsp/1568079346878"
# webtalk_add_data -client sdk -key PerfCount -value "0" -context "sdk\\\\bsp/1568079346878"
# webtalk_add_data -client sdk -key FlashCount -value "0" -context "sdk\\\\bsp/1568079346878"
# webtalk_add_data -client sdk -key CrossTriggCount -value "0" -context "sdk\\\\bsp/1568079346878"
# webtalk_add_data -client sdk -key QemuDebugCount -value "0" -context "sdk\\\\bsp/1568079346878"
# webtalk_transmit -clientid 962708534 -regid "210830250_134688_210701533_626" -xml C:\\Work\\Mikroe\\Alcohol2\\SDK2\\webtalk\\usage_statistics_ext_sdk.xml -html C:\\Work\\Mikroe\\Alcohol2\\SDK2\\webtalk\\usage_statistics_ext_sdk.html -wdm C:\\Work\\Mikroe\\Alcohol2\\SDK2\\webtalk\\sdk_webtalk.wdm -intro "<H3>SDK Usage Report</H3><BR>"
# webtalk_terminate
INFO: [Common 17-206] Exiting Webtalk at Mon Sep  9 19:35:55 2019...
